<?xml version="1.0" encoding="UTF-8"?>
<testng-results ignored="0" total="1" passed="1" failed="0" skipped="0">
  <reporter-output>
  </reporter-output>
  <suite started-at="2024-01-24T14:20:23 IST" name="All Test Suite" finished-at="2024-01-24T14:20:33 IST" duration-ms="10313">
    <groups>
    </groups>
    <test started-at="2024-01-24T14:20:23 IST" name="C:/Users/vinod/IdeaProjects/DemoProject/src/test/java/testclass/Logintest.java" finished-at="2024-01-24T14:20:33 IST" duration-ms="10313">
      <class name="testclass.Logintest">
        <test-method is-config="true" signature="setup()[pri:0, instance:testclass.Logintest@f5acb9d]" started-at="2024-01-24T14:20:23 IST" name="setup" finished-at="2024-01-24T14:20:31 IST" duration-ms="8020" status="PASS">
          <reporter-output>
          </reporter-output>
        </test-method> <!-- setup -->
        <test-method signature="login()[pri:0, instance:testclass.Logintest@f5acb9d]" started-at="2024-01-24T14:20:31 IST" name="login" finished-at="2024-01-24T14:20:33 IST" duration-ms="2055" status="PASS">
          <reporter-output>
          </reporter-output>
        </test-method> <!-- login -->
        <test-method is-config="true" signature="teardown()[pri:0, instance:testclass.Logintest@f5acb9d]" started-at="2024-01-24T14:20:33 IST" name="teardown" finished-at="2024-01-24T14:20:33 IST" duration-ms="4" status="PASS">
          <reporter-output>
          </reporter-output>
        </test-method> <!-- teardown -->
      </class> <!-- testclass.Logintest -->
    </test> <!-- C:/Users/vinod/IdeaProjects/DemoProject/src/test/java/testclass/Logintest.java -->
  </suite> <!-- All Test Suite -->
</testng-results>
